C:\Users\gran0316\Desktop\Path Finding Source Code-1-1\Source\Windows\\Application\GAM-1532 Windows Game.pdb
C:\USERS\GRAN0316\DESKTOP\PATH FINDING SOURCE CODE-1-1\SOURCE\WINDOWS\BUILD FILES\DEBUG\ADLER32.OBJ
C:\Users\gran0316\Desktop\Path Finding Source Code-1-1\Source\Windows\Build Files\Debug\cl.command.1.tlog
C:\Users\gran0316\Desktop\Path Finding Source Code-1-1\Source\Windows\Build Files\Debug\CL.read.1.tlog
C:\Users\gran0316\Desktop\Path Finding Source Code-1-1\Source\Windows\Build Files\Debug\CL.write.1.tlog
C:\USERS\GRAN0316\DESKTOP\PATH FINDING SOURCE CODE-1-1\SOURCE\WINDOWS\BUILD FILES\DEBUG\COMPRESS.OBJ
C:\USERS\GRAN0316\DESKTOP\PATH FINDING SOURCE CODE-1-1\SOURCE\WINDOWS\BUILD FILES\DEBUG\CRC32.OBJ
C:\USERS\GRAN0316\DESKTOP\PATH FINDING SOURCE CODE-1-1\SOURCE\WINDOWS\BUILD FILES\DEBUG\DEFLATE.OBJ
C:\Users\gran0316\Desktop\Path Finding Source Code-1-1\Source\Windows\Build Files\Debug\GAM-1532 Windows Game.exe.embed.manifest
C:\USERS\GRAN0316\DESKTOP\PATH FINDING SOURCE CODE-1-1\SOURCE\WINDOWS\BUILD FILES\DEBUG\GAM-1532 WINDOWS GAME.EXE.EMBED.MANIFEST.RES
C:\Users\gran0316\Desktop\Path Finding Source Code-1-1\Source\Windows\Build Files\Debug\GAM-1532 Windows Game.exe.intermediate.manifest
C:\Users\gran0316\Desktop\Path Finding Source Code-1-1\Source\Windows\Build Files\Debug\GAM-1532 Windows Game_manifest.rc
C:\USERS\GRAN0316\DESKTOP\PATH FINDING SOURCE CODE-1-1\SOURCE\WINDOWS\BUILD FILES\DEBUG\GAME.OBJ
C:\USERS\GRAN0316\DESKTOP\PATH FINDING SOURCE CODE-1-1\SOURCE\WINDOWS\BUILD FILES\DEBUG\GAMECONSTANTS.OBJ
C:\USERS\GRAN0316\DESKTOP\PATH FINDING SOURCE CODE-1-1\SOURCE\WINDOWS\BUILD FILES\DEBUG\GAMEOBJECT.OBJ
C:\USERS\GRAN0316\DESKTOP\PATH FINDING SOURCE CODE-1-1\SOURCE\WINDOWS\BUILD FILES\DEBUG\GROUNDTILE.OBJ
C:\USERS\GRAN0316\DESKTOP\PATH FINDING SOURCE CODE-1-1\SOURCE\WINDOWS\BUILD FILES\DEBUG\GZCLOSE.OBJ
C:\USERS\GRAN0316\DESKTOP\PATH FINDING SOURCE CODE-1-1\SOURCE\WINDOWS\BUILD FILES\DEBUG\GZLIB.OBJ
C:\USERS\GRAN0316\DESKTOP\PATH FINDING SOURCE CODE-1-1\SOURCE\WINDOWS\BUILD FILES\DEBUG\GZREAD.OBJ
C:\USERS\GRAN0316\DESKTOP\PATH FINDING SOURCE CODE-1-1\SOURCE\WINDOWS\BUILD FILES\DEBUG\GZWRITE.OBJ
C:\USERS\GRAN0316\DESKTOP\PATH FINDING SOURCE CODE-1-1\SOURCE\WINDOWS\BUILD FILES\DEBUG\INFBACK.OBJ
C:\USERS\GRAN0316\DESKTOP\PATH FINDING SOURCE CODE-1-1\SOURCE\WINDOWS\BUILD FILES\DEBUG\INFFAST.OBJ
C:\USERS\GRAN0316\DESKTOP\PATH FINDING SOURCE CODE-1-1\SOURCE\WINDOWS\BUILD FILES\DEBUG\INFLATE.OBJ
C:\USERS\GRAN0316\DESKTOP\PATH FINDING SOURCE CODE-1-1\SOURCE\WINDOWS\BUILD FILES\DEBUG\INFTREES.OBJ
C:\USERS\GRAN0316\DESKTOP\PATH FINDING SOURCE CODE-1-1\SOURCE\WINDOWS\BUILD FILES\DEBUG\INPUTCONSTANTS.OBJ
C:\USERS\GRAN0316\DESKTOP\PATH FINDING SOURCE CODE-1-1\SOURCE\WINDOWS\BUILD FILES\DEBUG\INPUTLISTENER.OBJ
C:\USERS\GRAN0316\DESKTOP\PATH FINDING SOURCE CODE-1-1\SOURCE\WINDOWS\BUILD FILES\DEBUG\INPUTMANAGER.OBJ
C:\USERS\GRAN0316\DESKTOP\PATH FINDING SOURCE CODE-1-1\SOURCE\WINDOWS\BUILD FILES\DEBUG\LEVEL.OBJ
C:\USERS\GRAN0316\DESKTOP\PATH FINDING SOURCE CODE-1-1\SOURCE\WINDOWS\BUILD FILES\DEBUG\LEVEL2.OBJ
C:\USERS\GRAN0316\DESKTOP\PATH FINDING SOURCE CODE-1-1\SOURCE\WINDOWS\BUILD FILES\DEBUG\LEVEL3.OBJ
C:\USERS\GRAN0316\DESKTOP\PATH FINDING SOURCE CODE-1-1\SOURCE\WINDOWS\BUILD FILES\DEBUG\LEVEL4.OBJ
C:\USERS\GRAN0316\DESKTOP\PATH FINDING SOURCE CODE-1-1\SOURCE\WINDOWS\BUILD FILES\DEBUG\LEVEL5.OBJ
C:\USERS\GRAN0316\DESKTOP\PATH FINDING SOURCE CODE-1-1\SOURCE\WINDOWS\BUILD FILES\DEBUG\LEVELCONSTANTS.OBJ
C:\Users\gran0316\Desktop\Path Finding Source Code-1-1\Source\Windows\Build Files\Debug\link.command.1.tlog
C:\Users\gran0316\Desktop\Path Finding Source Code-1-1\Source\Windows\Build Files\Debug\link.read.1.tlog
C:\Users\gran0316\Desktop\Path Finding Source Code-1-1\Source\Windows\Build Files\Debug\link.write.1.tlog
C:\Users\gran0316\Desktop\Path Finding Source Code-1-1\Source\Windows\Build Files\Debug\link-cvtres.read.1.tlog
C:\Users\gran0316\Desktop\Path Finding Source Code-1-1\Source\Windows\Build Files\Debug\link-cvtres.write.1.tlog
C:\USERS\GRAN0316\DESKTOP\PATH FINDING SOURCE CODE-1-1\SOURCE\WINDOWS\BUILD FILES\DEBUG\LOGGER.OBJ
C:\USERS\GRAN0316\DESKTOP\PATH FINDING SOURCE CODE-1-1\SOURCE\WINDOWS\BUILD FILES\DEBUG\MAIN.OBJ
C:\USERS\GRAN0316\DESKTOP\PATH FINDING SOURCE CODE-1-1\SOURCE\WINDOWS\BUILD FILES\DEBUG\MATHUTILS.OBJ
C:\USERS\GRAN0316\DESKTOP\PATH FINDING SOURCE CODE-1-1\SOURCE\WINDOWS\BUILD FILES\DEBUG\OPENGLANIMATEDTEXTURE.OBJ
C:\USERS\GRAN0316\DESKTOP\PATH FINDING SOURCE CODE-1-1\SOURCE\WINDOWS\BUILD FILES\DEBUG\OPENGLRENDERER.OBJ
C:\USERS\GRAN0316\DESKTOP\PATH FINDING SOURCE CODE-1-1\SOURCE\WINDOWS\BUILD FILES\DEBUG\OPENGLTEXTURE.OBJ
C:\USERS\GRAN0316\DESKTOP\PATH FINDING SOURCE CODE-1-1\SOURCE\WINDOWS\BUILD FILES\DEBUG\OPENGLTEXTURELOADER.OBJ
C:\USERS\GRAN0316\DESKTOP\PATH FINDING SOURCE CODE-1-1\SOURCE\WINDOWS\BUILD FILES\DEBUG\OPENGLTEXTUREMANAGER.OBJ
C:\USERS\GRAN0316\DESKTOP\PATH FINDING SOURCE CODE-1-1\SOURCE\WINDOWS\BUILD FILES\DEBUG\OPENGLWINDOW.OBJ
C:\USERS\GRAN0316\DESKTOP\PATH FINDING SOURCE CODE-1-1\SOURCE\WINDOWS\BUILD FILES\DEBUG\PATHFINDER.OBJ
C:\USERS\GRAN0316\DESKTOP\PATH FINDING SOURCE CODE-1-1\SOURCE\WINDOWS\BUILD FILES\DEBUG\PATHNODE.OBJ
C:\USERS\GRAN0316\DESKTOP\PATH FINDING SOURCE CODE-1-1\SOURCE\WINDOWS\BUILD FILES\DEBUG\PLAYER.OBJ
C:\USERS\GRAN0316\DESKTOP\PATH FINDING SOURCE CODE-1-1\SOURCE\WINDOWS\BUILD FILES\DEBUG\PNG.OBJ
C:\USERS\GRAN0316\DESKTOP\PATH FINDING SOURCE CODE-1-1\SOURCE\WINDOWS\BUILD FILES\DEBUG\PNGERROR.OBJ
C:\USERS\GRAN0316\DESKTOP\PATH FINDING SOURCE CODE-1-1\SOURCE\WINDOWS\BUILD FILES\DEBUG\PNGGET.OBJ
C:\USERS\GRAN0316\DESKTOP\PATH FINDING SOURCE CODE-1-1\SOURCE\WINDOWS\BUILD FILES\DEBUG\PNGMEM.OBJ
C:\USERS\GRAN0316\DESKTOP\PATH FINDING SOURCE CODE-1-1\SOURCE\WINDOWS\BUILD FILES\DEBUG\PNGPREAD.OBJ
C:\USERS\GRAN0316\DESKTOP\PATH FINDING SOURCE CODE-1-1\SOURCE\WINDOWS\BUILD FILES\DEBUG\PNGREAD.OBJ
C:\USERS\GRAN0316\DESKTOP\PATH FINDING SOURCE CODE-1-1\SOURCE\WINDOWS\BUILD FILES\DEBUG\PNGRIO.OBJ
C:\USERS\GRAN0316\DESKTOP\PATH FINDING SOURCE CODE-1-1\SOURCE\WINDOWS\BUILD FILES\DEBUG\PNGRTRAN.OBJ
C:\USERS\GRAN0316\DESKTOP\PATH FINDING SOURCE CODE-1-1\SOURCE\WINDOWS\BUILD FILES\DEBUG\PNGRUTIL.OBJ
C:\USERS\GRAN0316\DESKTOP\PATH FINDING SOURCE CODE-1-1\SOURCE\WINDOWS\BUILD FILES\DEBUG\PNGSET.OBJ
C:\USERS\GRAN0316\DESKTOP\PATH FINDING SOURCE CODE-1-1\SOURCE\WINDOWS\BUILD FILES\DEBUG\PNGTEST.OBJ
C:\USERS\GRAN0316\DESKTOP\PATH FINDING SOURCE CODE-1-1\SOURCE\WINDOWS\BUILD FILES\DEBUG\PNGTRANS.OBJ
C:\USERS\GRAN0316\DESKTOP\PATH FINDING SOURCE CODE-1-1\SOURCE\WINDOWS\BUILD FILES\DEBUG\PNGWIO.OBJ
C:\USERS\GRAN0316\DESKTOP\PATH FINDING SOURCE CODE-1-1\SOURCE\WINDOWS\BUILD FILES\DEBUG\PNGWRITE.OBJ
C:\USERS\GRAN0316\DESKTOP\PATH FINDING SOURCE CODE-1-1\SOURCE\WINDOWS\BUILD FILES\DEBUG\PNGWTRAN.OBJ
C:\USERS\GRAN0316\DESKTOP\PATH FINDING SOURCE CODE-1-1\SOURCE\WINDOWS\BUILD FILES\DEBUG\PNGWUTIL.OBJ
C:\Users\gran0316\Desktop\Path Finding Source Code-1-1\Source\Windows\Build Files\Debug\rc.command.1.tlog
C:\Users\gran0316\Desktop\Path Finding Source Code-1-1\Source\Windows\Build Files\Debug\rc.read.1.tlog
C:\Users\gran0316\Desktop\Path Finding Source Code-1-1\Source\Windows\Build Files\Debug\rc.write.1.tlog
C:\USERS\GRAN0316\DESKTOP\PATH FINDING SOURCE CODE-1-1\SOURCE\WINDOWS\BUILD FILES\DEBUG\RESOURCECONSTANTS.OBJ
C:\USERS\GRAN0316\DESKTOP\PATH FINDING SOURCE CODE-1-1\SOURCE\WINDOWS\BUILD FILES\DEBUG\RESOURCEUTILS.OBJ
C:\USERS\GRAN0316\DESKTOP\PATH FINDING SOURCE CODE-1-1\SOURCE\WINDOWS\BUILD FILES\DEBUG\SCREEN.OBJ
C:\USERS\GRAN0316\DESKTOP\PATH FINDING SOURCE CODE-1-1\SOURCE\WINDOWS\BUILD FILES\DEBUG\SCREENMANAGER.OBJ
C:\USERS\GRAN0316\DESKTOP\PATH FINDING SOURCE CODE-1-1\SOURCE\WINDOWS\BUILD FILES\DEBUG\TESTLEVEL.OBJ
C:\USERS\GRAN0316\DESKTOP\PATH FINDING SOURCE CODE-1-1\SOURCE\WINDOWS\BUILD FILES\DEBUG\TILE.OBJ
C:\USERS\GRAN0316\DESKTOP\PATH FINDING SOURCE CODE-1-1\SOURCE\WINDOWS\BUILD FILES\DEBUG\TREES.OBJ
C:\USERS\GRAN0316\DESKTOP\PATH FINDING SOURCE CODE-1-1\SOURCE\WINDOWS\BUILD FILES\DEBUG\UNCOMPR.OBJ
C:\Users\gran0316\Desktop\Path Finding Source Code-1-1\Source\Windows\Build Files\Debug\vc100.idb
C:\USERS\GRAN0316\DESKTOP\PATH FINDING SOURCE CODE-1-1\SOURCE\WINDOWS\BUILD FILES\DEBUG\VC100.PDB
C:\USERS\GRAN0316\DESKTOP\PATH FINDING SOURCE CODE-1-1\SOURCE\WINDOWS\BUILD FILES\DEBUG\WALLTILE.OBJ
C:\USERS\GRAN0316\DESKTOP\PATH FINDING SOURCE CODE-1-1\SOURCE\WINDOWS\BUILD FILES\DEBUG\WIN32CONSTANTS.OBJ
C:\USERS\GRAN0316\DESKTOP\PATH FINDING SOURCE CODE-1-1\SOURCE\WINDOWS\BUILD FILES\DEBUG\WIN32GAME.OBJ
C:\USERS\GRAN0316\DESKTOP\PATH FINDING SOURCE CODE-1-1\SOURCE\WINDOWS\BUILD FILES\DEBUG\ZUTIL.OBJ
